\BOOKMARK [0][-]{chapter.1}{Introduction}{}% 1
\BOOKMARK [1][-]{section.1.1}{Location, Location, Location}{chapter.1}% 2
\BOOKMARK [1][-]{section.1.2}{Compact Objects or Stellar remnants}{chapter.1}% 3
\BOOKMARK [2][-]{subsection.1.2.1}{White Dwarfs}{section.1.2}% 4
\BOOKMARK [2][-]{subsection.1.2.2}{Neutron Stars}{section.1.2}% 5
\BOOKMARK [2][-]{subsection.1.2.3}{Black Holes}{section.1.2}% 6
\BOOKMARK [1][-]{section.1.3}{Compact Binaries}{chapter.1}% 7
\BOOKMARK [2][-]{subsection.1.3.1}{The Gravitational Potential}{section.1.3}% 8
\BOOKMARK [2][-]{subsection.1.3.2}{Binary Evolution}{section.1.3}% 9
\BOOKMARK [2][-]{subsection.1.3.3}{Accretion}{section.1.3}% 10
\BOOKMARK [2][-]{subsection.1.3.4}{Cataclysmic Variables \(CVs\)}{section.1.3}% 11
\BOOKMARK [3][-]{subsubsection.1.3.4.1}{Magnetic CVs}{subsection.1.3.4}% 12
\BOOKMARK [3][-]{subsubsection.1.3.4.2}{Polars}{subsection.1.3.4}% 13
\BOOKMARK [3][-]{subsubsection.1.3.4.3}{Intermediate Polars \(IPs\)}{subsection.1.3.4}% 14
\BOOKMARK [3][-]{subsubsection.1.3.4.4}{Non-Magnetic}{subsection.1.3.4}% 15
\BOOKMARK [3][-]{subsubsection.1.3.4.5}{Classical Novae \(CN\)}{subsection.1.3.4}% 16
\BOOKMARK [3][-]{subsubsection.1.3.4.6}{Dwarf Novae \(DN\)}{subsection.1.3.4}% 17
\BOOKMARK [3][-]{subsubsection.1.3.4.7}{Novae-like \(NL\)}{subsection.1.3.4}% 18
\BOOKMARK [2][-]{subsection.1.3.5}{X-Ray binaries}{section.1.3}% 19
\BOOKMARK [3][-]{subsubsection.1.3.5.1}{Low-mass X-Ray Binaries}{subsection.1.3.5}% 20
\BOOKMARK [3][-]{subsubsection.1.3.5.2}{High-mass X-Ray Binaries}{subsection.1.3.5}% 21
\BOOKMARK [3][-]{subsubsection.1.3.5.3}{The Secondary stars}{subsection.1.3.5}% 22
\BOOKMARK [3][-]{subsubsection.1.3.5.4}{K stars}{subsection.1.3.5}% 23
\BOOKMARK [3][-]{subsubsection.1.3.5.5}{M stars}{subsection.1.3.5}% 24
\BOOKMARK [1][-]{section.1.4}{Globular Clusters: A stellar nursing home}{chapter.1}% 25
\BOOKMARK [2][-]{subsection.1.4.1}{NGC 6397}{section.1.4}% 26
\BOOKMARK [2][-]{subsection.1.4.2}{CVs in Globular clusters}{section.1.4}% 27
